#
# A fatal error has been detected by the Java Runtime Environment:
#
#  SIGSEGV (0xb) at pc=0x00007f9145f8540d, pid=18243, tid=140261900551936
#
# JRE version: 7.0_05
# Java VM: OpenJDK 64-Bit Server VM (23.0-b21 mixed mode linux-amd64 compressed oops)
# Problematic frame:
# V  [libjvm.so+0x32240d]  dlerror+0x32240d
#
# Failed to write core dump. Core dumps have been disabled. To enable core dumping, try "ulimit -c unlimited" before starting Java again
#
# If you would like to submit a bug report, please include
# instructions on how to reproduce the bug and visit:
#   http://icedtea.classpath.org/bugzilla
#

---------------  T H R E A D  ---------------

Current thread (0x00007f9140019800):  GCTaskThread [stack: 0x00007f9144b20000,0x00007f9144c21000] [id=18255]

siginfo:si_signo=SIGSEGV: si_errno=0, si_code=1 (SEGV_MAPERR), si_addr=0x00000000000300db

Registers:
RAX=0x000000000003000b, RBX=0x00000000c1480000, RCX=0x0000000000000000, RDX=0x00000000c14742f8
RSP=0x00007f9144c1fcb0, RBP=0x00007f9144c1fd50, RSI=0x00007f914016a990, RDI=0x00000000b5e61e90
R8 =0x00007f914016a990, R9 =0x00000000c1480000, R10=0x00007f9145029400, R11=0x00000000c1470000
R12=0x00000000c14742f8, R13=0x00007f9146908b33, R14=0x0000000000000240, R15=0x00007f9140011150
RIP=0x00007f9145f8540d, EFLAGS=0x0000000000010213, CSGSFS=0x0000000000000033, ERR=0x0000000000000004
  TRAPNO=0x000000000000000e

Top of Stack: (sp=0x00007f9144c1fcb0)
0x00007f9144c1fcb0:   00000000468d22d0 0000000000000200
0x00007f9144c1fcc0:   00007f9145029401 0000000000000180
0x00007f9144c1fcd0:   00000000c533f990 00007f9145029580
0x00007f9144c1fce0:   00000000c1480000 00007f9145029401
0x00007f9144c1fcf0:   00007f91450489fd 00007f9145029380
0x00007f9144c1fd00:   00007f914016a990 00007f9145029401
0x00007f9144c1fd10:   00007f9140010f10 00007f9146908b33
0x00007f9144c1fd20:   00007f9140015730 00007f9140046b90
0x00007f9144c1fd30:   00007f914016a990 00007f9146517db4
0x00007f9144c1fd40:   00007f9140019800 00007f9146908932
0x00007f9144c1fd50:   00007f9144c1fd80 00007f91463c192b
0x00007f9144c1fd60:   0000000000000004 00007f911800aa50
0x00007f9144c1fd70:   0000000000000001 00007f9140046b90
0x00007f9144c1fd80:   00007f9144c1fe60 00007f91460f1b62
0x00007f9144c1fd90:   00007f914001ac00 00007f914001a328
0x00007f9144c1fda0:   00007f9140019f50 00007f9140019f40
0x00007f9144c1fdb0:   00007f9140019f10 0000000000000000
0x00007f9144c1fdc0:   0000000000000000 0000000000000000
0x00007f9144c1fdd0:   00007f9140019800 00007f914001a330
0x00007f9144c1fde0:   00007f914001a360 00007f914001a370
0x00007f9144c1fdf0:   00007f914001a748 00007f914001a750
0x00007f9144c1fe00:   00007f9140019800 00007f914001a330
0x00007f9144c1fe10:   00007f914001a360 00007f914001a370
0x00007f9144c1fe20:   00007f914001a748 00007f9144c1fdd0
0x00007f9144c1fe30:   00007f914001afd0 00007f914001b0b0
0x00007f9144c1fe40:   00007f914001afd0 00007f9140019800
0x00007f9144c1fe50:   00007f9144c20700 0000000000000000
0x00007f9144c1fe60:   00007f9144c1fea0 00007f914635f602
0x00007f9144c1fe70:   0000000000000000 0000000000000000
0x00007f9144c1fe80:   0000000000000000 0000003f2c620000
0x00007f9144c1fe90:   00007f9144c20700 0000000000000000
0x00007f9144c1fea0:   0000000000000000 0000003f2d407d14 

Instructions: (pc=0x00007f9145f8540d)
0x00007f9145f853ed:   4e 08 48 d3 e0 48 03 06 81 78 18 ff ff ff bf 77
0x00007f9145f853fd:   1a 48 8d 78 10 48 8b 40 10 4c 89 e2 48 8b 75 b0
0x00007f9145f8540d:   ff 90 d0 00 00 00 41 0f b6 55 00 84 d2 0f 85 d0
0x00007f9145f8541d:   01 00 00 49 8b 44 24 08 8b 48 18 48 8d 78 10 83 

Register to memory mapping:

RAX=0x000000000003000b is an unknown value
RBX=0x00000000c1480000 is an oop
com.android.dx.dex.file.FieldAnnotationStruct 
 - klass: 'com/android/dx/dex/file/FieldAnnotationStruct'
RCX=0x0000000000000000 is an unknown value
RDX=
[error occurred during error reporting (printing register info), id 0xb]

Stack: [0x00007f9144b20000,0x00007f9144c21000],  sp=0x00007f9144c1fcb0,  free space=1023k
Native frames: (J=compiled Java code, j=interpreted, Vv=VM code, C=native code)
V  [libjvm.so+0x32240d]  dlerror+0x32240d
V  [libjvm.so+0x75e92b]  JVM_handle_linux_signal+0x59f2b
V  [libjvm.so+0x48eb62]  AsyncGetCallTrace+0x37342
V  [libjvm.so+0x6fc602]  JVM_FindSignal+0x185e42


---------------  P R O C E S S  ---------------

Java Threads: ( => current thread )
  0x00007f91401d4000 JavaThread "Service Thread" daemon [_thread_blocked, id=18263, stack(0x00007f91351c7000,0x00007f91352c8000)]
  0x00007f91401d1800 JavaThread "C2 CompilerThread1" daemon [_thread_in_native, id=18262, stack(0x00007f91352c8000,0x00007f91353c9000)]
  0x00007f91401ce800 JavaThread "C2 CompilerThread0" daemon [_thread_blocked, id=18261, stack(0x00007f91353c9000,0x00007f91354ca000)]
  0x00007f91401cc800 JavaThread "Signal Dispatcher" daemon [_thread_blocked, id=18260, stack(0x00007f91354ca000,0x00007f91355cb000)]
  0x00007f9140175000 JavaThread "Finalizer" daemon [_thread_blocked, id=18259, stack(0x00007f91355cb000,0x00007f91356cc000)]
  0x00007f9140173000 JavaThread "Reference Handler" daemon [_thread_blocked, id=18258, stack(0x00007f91356cc000,0x00007f91357cd000)]
  0x00007f9140008000 JavaThread "main" [_thread_blocked, id=18252, stack(0x00007f9145b62000,0x00007f9145c63000)]

Other Threads:
  0x00007f914016c800 VMThread [stack: 0x00007f91357cd000,0x00007f91358ce000] [id=18257]
  0x00007f91401de800 WatcherThread [stack: 0x00007f91350c6000,0x00007f91351c7000] [id=18264]

=>0x00007f9140019800 (exited) GCTaskThread [stack: 0x00007f9144b20000,0x00007f9144c21000] [id=18255]

VM state:at safepoint (normal execution)

VM Mutex/Monitor currently owned by a thread:  ([mutex/lock_event])
[0x00007f91400059c0] Threads_lock - owner thread: 0x00007f914016c800
[0x00007f9140005ec0] Heap_lock - owner thread: 0x00007f9140008000

Heap
 PSYoungGen      total 281664K, used 273621K [0x00000000eaab0000, 0x0000000100000000, 0x0000000100000000)
  eden space 250624K, 100% used [0x00000000eaab0000,0x00000000f9f70000,0x00000000f9f70000)
  from space 31040K, 74% used [0x00000000f9f70000,0x00000000fb5e5410,0x00000000fbdc0000)
  to   space 54912K, 7% used [0x00000000fca60000,0x00000000fce58010,0x0000000100000000)
 ParOldGen       total 164800K, used 85366K [0x00000000c0000000, 0x00000000ca0f0000, 0x00000000eaab0000)
  object space 164800K, 51% used [0x00000000c0000000,0x00000000c535d990,0x00000000ca0f0000)
 PSPermGen       total 21248K, used 5754K [0x00000000b5a00000, 0x00000000b6ec0000, 0x00000000c0000000)
  object space 21248K, 27% used [0x00000000b5a00000,0x00000000b5f9e850,0x00000000b6ec0000)

Code Cache  [0x00007f913d000000, 0x00007f913d370000, 0x00007f9140000000)
 total_blobs=1030 nmethods=805 adapters=177 free_code_cache=45707Kb largest_free_block=46754816

Compilation events (10 events):
Event: 6,332 Thread 0x00007f91401ce800 nmethod 812 0x00007f913d33cd50 code [0x00007f913d33ce80, 0x00007f913d33cef8]
Event: 6,332 Thread 0x00007f91401ce800  813             com.android.dx.util.ByteArray::getByte (14 bytes)
Event: 6,332 Thread 0x00007f91401ce800 nmethod 813 0x00007f913d32af90 code [0x00007f913d32b0e0, 0x00007f913d32b1b8]
Event: 6,342 Thread 0x00007f91401ce800  814             com.android.dx.util.ByteArray::getShort (25 bytes)
Event: 6,343 Thread 0x00007f91401ce800 nmethod 814 0x00007f913d33bfd0 code [0x00007f913d33c120, 0x00007f913d33c238]
Event: 6,353 Thread 0x00007f91401ce800  815             com.android.dx.dex.code.SimpleInsn::<init> (8 bytes)
Event: 6,354 Thread 0x00007f91401ce800 nmethod 815 0x00007f913d346e90 code [0x00007f913d346fe0, 0x00007f913d3470d8]
Event: 6,357 Thread 0x00007f91401ce800  816             java.util.HashMap::size (5 bytes)
Event: 6,357 Thread 0x00007f91401ce800 nmethod 816 0x00007f913d346c90 code [0x00007f913d346dc0, 0x00007f913d346e18]
Event: 6,375 Thread 0x00007f91401ce800  817             com.android.dx.cf.code.BytecodeArray::parseNewarray (594 bytes)

GC Heap History (10 events):
Event: 2,593 GC heap after
Heap after GC invocations=4 (full 0):
 PSYoungGen      total 133056K, used 5300K [0x00000000eaab0000, 0x00000000f31d0000, 0x0000000100000000)
  eden space 127744K, 0% used [0x00000000eaab0000,0x00000000eaab0000,0x00000000f2770000)
  from space 5312K, 99% used [0x00000000f2ca0000,0x00000000f31cd3a0,0x00000000f31d0000)
  to   space 5312K, 0% used [0x00000000f2770000,0x00000000f2770000,0x00000000f2ca0000)
 ParOldGen       total 85248K, used 25191K [0x00000000c0000000, 0x00000000c5340000, 0x00000000eaab0000)
  object space 85248K, 29% used [0x00000000c0000000,0x00000000c1899e68,0x00000000c5340000)
 PSPermGen       total 21248K, used 5629K [0x00000000b5a00000, 0x00000000b6ec0000, 0x00000000c0000000)
  object space 21248K, 26% used [0x00000000b5a00000,0x00000000b5f7f668,0x00000000b6ec0000)
}
Event: 3,147 GC heap before
{Heap before GC invocations=5 (full 0):
 PSYoungGen      total 133056K, used 133044K [0x00000000eaab0000, 0x00000000f31d0000, 0x0000000100000000)
  eden space 127744K, 100% used [0x00000000eaab0000,0x00000000f2770000,0x00000000f2770000)
  from space 5312K, 99% used [0x00000000f2ca0000,0x00000000f31cd3a0,0x00000000f31d0000)
  to   space 5312K, 0% used [0x00000000f2770000,0x00000000f2770000,0x00000000f2ca0000)
 ParOldGen       total 85248K, used 25191K [0x00000000c0000000, 0x00000000c5340000, 0x00000000eaab0000)
  object space 85248K, 29% used [0x00000000c0000000,0x00000000c1899e68,0x00000000c5340000)
 PSPermGen       total 21248K, used 5696K [0x00000000b5a00000, 0x00000000b6ec0000, 0x00000000c0000000)
  object space 21248K, 26% used [0x00000000b5a00000,0x00000000b5f90060,0x00000000b6ec0000)
Event: 3,222 GC heap after
Heap after GC invocations=5 (full 0):
 PSYoungGen      total 133056K, used 5306K [0x00000000eaab0000, 0x00000000fd750000, 0x0000000100000000)
  eden space 127744K, 0% used [0x00000000eaab0000,0x00000000eaab0000,0x00000000f2770000)
  from space 5312K, 99% used [0x00000000f2770000,0x00000000f2c9e9c8,0x00000000f2ca0000)
  to   space 26176K, 0% used [0x00000000fbdc0000,0x00000000fbdc0000,0x00000000fd750000)
 ParOldGen       total 85248K, used 44486K [0x00000000c0000000, 0x00000000c5340000, 0x00000000eaab0000)
  object space 85248K, 52% used [0x00000000c0000000,0x00000000c2b71b98,0x00000000c5340000)
 PSPermGen       total 21248K, used 5696K [0x00000000b5a00000, 0x00000000b6ec0000, 0x00000000c0000000)
  object space 21248K, 26% used [0x00000000b5a00000,0x00000000b5f90060,0x00000000b6ec0000)
}
Event: 3,922 GC heap before
{Heap before GC invocations=6 (full 0):
 PSYoungGen      total 133056K, used 133050K [0x00000000eaab0000, 0x00000000fd750000, 0x0000000100000000)
  eden space 127744K, 100% used [0x00000000eaab0000,0x00000000f2770000,0x00000000f2770000)
  from space 5312K, 99% used [0x00000000f2770000,0x00000000f2c9e9c8,0x00000000f2ca0000)
  to   space 26176K, 0% used [0x00000000fbdc0000,0x00000000fbdc0000,0x00000000fd750000)
 ParOldGen       total 85248K, used 44486K [0x00000000c0000000, 0x00000000c5340000, 0x00000000eaab0000)
  object space 85248K, 52% used [0x00000000c0000000,0x00000000c2b71b98,0x00000000c5340000)
 PSPermGen       total 21248K, used 5714K [0x00000000b5a00000, 0x00000000b6ec0000, 0x00000000c0000000)
  object space 21248K, 26% used [0x00000000b5a00000,0x00000000b5f94868,0x00000000b6ec0000)
Event: 4,013 GC heap after
Heap after GC invocations=6 (full 0):
 PSYoungGen      total 276800K, used 26157K [0x00000000eaab0000, 0x00000000fe0d0000, 0x0000000100000000)
  eden space 250624K, 0% used [0x00000000eaab0000,0x00000000eaab0000,0x00000000f9f70000)
  from space 26176K, 99% used [0x00000000fbdc0000,0x00000000fd74b660,0x00000000fd750000)
  to   space 31040K, 0% used [0x00000000f9f70000,0x00000000f9f70000,0x00000000fbdc0000)
 ParOldGen       total 85248K, used 44486K [0x00000000c0000000, 0x00000000c5340000, 0x00000000eaab0000)
  object space 85248K, 52% used [0x00000000c0000000,0x00000000c2b71b98,0x00000000c5340000)
 PSPermGen       total 21248K, used 5714K [0x00000000b5a00000, 0x00000000b6ec0000, 0x00000000c0000000)
  object space 21248K, 26% used [0x00000000b5a00000,0x00000000b5f94868,0x00000000b6ec0000)
}
Event: 4,840 GC heap before
{Heap before GC invocations=7 (full 0):
 PSYoungGen      total 276800K, used 276781K [0x00000000eaab0000, 0x00000000fe0d0000, 0x0000000100000000)
  eden space 250624K, 100% used [0x00000000eaab0000,0x00000000f9f70000,0x00000000f9f70000)
  from space 26176K, 99% used [0x00000000fbdc0000,0x00000000fd74b660,0x00000000fd750000)
  to   space 31040K, 0% used [0x00000000f9f70000,0x00000000f9f70000,0x00000000fbdc0000)
 ParOldGen       total 85248K, used 44486K [0x00000000c0000000, 0x00000000c5340000, 0x00000000eaab0000)
  object space 85248K, 52% used [0x00000000c0000000,0x00000000c2b71b98,0x00000000c5340000)
 PSPermGen       total 21248K, used 5744K [0x00000000b5a00000, 0x00000000b6ec0000, 0x00000000c0000000)
  object space 21248K, 27% used [0x00000000b5a00000,0x00000000b5f9c2b0,0x00000000b6ec0000)
Event: 5,082 GC heap after
Heap after GC invocations=7 (full 0):
 PSYoungGen      total 281664K, used 31010K [0x00000000eaab0000, 0x0000000100000000, 0x0000000100000000)
  eden space 250624K, 0% used [0x00000000eaab0000,0x00000000eaab0000,0x00000000f9f70000)
  from space 31040K, 99% used [0x00000000f9f70000,0x00000000fbdb8a98,0x00000000fbdc0000)
  to   space 54912K, 0% used [0x00000000fca60000,0x00000000fca60000,0x0000000100000000)
 ParOldGen       total 85248K, used 81414K [0x00000000c0000000, 0x00000000c5340000, 0x00000000eaab0000)
  object space 85248K, 95% used [0x00000000c0000000,0x00000000c4f81a28,0x00000000c5340000)
 PSPermGen       total 21248K, used 5744K [0x00000000b5a00000, 0x00000000b6ec0000, 0x00000000c0000000)
  object space 21248K, 27% used [0x00000000b5a00000,0x00000000b5f9c2b0,0x00000000b6ec0000)
}
Event: 5,082 GC heap before
{Heap before GC invocations=8 (full 1):
 PSYoungGen      total 281664K, used 31010K [0x00000000eaab0000, 0x0000000100000000, 0x0000000100000000)
  eden space 250624K, 0% used [0x00000000eaab0000,0x00000000eaab0000,0x00000000f9f70000)
  from space 31040K, 99% used [0x00000000f9f70000,0x00000000fbdb8a98,0x00000000fbdc0000)
  to   space 54912K, 0% used [0x00000000fca60000,0x00000000fca60000,0x0000000100000000)
 ParOldGen       total 85248K, used 81414K [0x00000000c0000000, 0x00000000c5340000, 0x00000000eaab0000)
  object space 85248K, 95% used [0x00000000c0000000,0x00000000c4f81a28,0x00000000c5340000)
 PSPermGen       total 21248K, used 5744K [0x00000000b5a00000, 0x00000000b6ec0000, 0x00000000c0000000)
  object space 21248K, 27% used [0x00000000b5a00000,0x00000000b5f9c2b0,0x00000000b6ec0000)
Event: 5,683 GC heap after
Heap after GC invocations=8 (full 1):
 PSYoungGen      total 281664K, used 22997K [0x00000000eaab0000, 0x0000000100000000, 0x0000000100000000)
  eden space 250624K, 0% used [0x00000000eaab0000,0x00000000eaab0000,0x00000000f9f70000)
  from space 31040K, 74% used [0x00000000f9f70000,0x00000000fb5e5410,0x00000000fbdc0000)
  to   space 54912K, 0% used [0x00000000fca60000,0x00000000fca60000,0x0000000100000000)
 ParOldGen       total 164800K, used 85246K [0x00000000c0000000, 0x00000000ca0f0000, 0x00000000eaab0000)
  object space 164800K, 51% used [0x00000000c0000000,0x00000000c533f990,0x00000000ca0f0000)
 PSPermGen       total 21248K, used 5738K [0x00000000b5a00000, 0x00000000b6ec0000, 0x00000000c0000000)
  object space 21248K, 27% used [0x00000000b5a00000,0x00000000b5f9a900,0x00000000b6ec0000)
}
Event: 6,384 GC heap before
{Heap before GC invocations=9 (full 1):
 PSYoungGen      total 281664K, used 273621K [0x00000000eaab0000, 0x0000000100000000, 0x0000000100000000)
  eden space 250624K, 100% used [0x00000000eaab0000,0x00000000f9f70000,0x00000000f9f70000)
  from space 31040K, 74% used [0x00000000f9f70000,0x00000000fb5e5410,0x00000000fbdc0000)
  to   space 54912K, 0% used [0x00000000fca60000,0x00000000fca60000,0x0000000100000000)
 ParOldGen       total 164800K, used 85246K [0x00000000c0000000, 0x00000000ca0f0000, 0x00000000eaab0000)
  object space 164800K, 51% used [0x00000000c0000000,0x00000000c533f990,0x00000000ca0f0000)
 PSPermGen       total 21248K, used 5754K [0x00000000b5a00000, 0x00000000b6ec0000, 0x00000000c0000000)
  object space 21248K, 27% used [0x00000000b5a00000,0x00000000b5f9e850,0x00000000b6ec0000)

Deoptimization events (10 events):
Event: 4,209 Thread 0x00007f9140008000 Uncommon trap -83 fr.pc 0x00007f913d205088
Event: 4,299 Thread 0x00007f9140008000 Uncommon trap -58 fr.pc 0x00007f913d12204c
Event: 4,300 Thread 0x00007f9140008000 Uncommon trap -58 fr.pc 0x00007f913d12204c
Event: 4,316 Thread 0x00007f9140008000 Uncommon trap -58 fr.pc 0x00007f913d12204c
Event: 4,326 Thread 0x00007f9140008000 Uncommon trap -58 fr.pc 0x00007f913d248ff0
Event: 4,387 Thread 0x00007f9140008000 Uncommon trap -58 fr.pc 0x00007f913d11f5d0
Event: 6,038 Thread 0x00007f9140008000 Uncommon trap -58 fr.pc 0x00007f913d3024e8
Event: 6,038 Thread 0x00007f9140008000 Uncommon trap -58 fr.pc 0x00007f913d3024e8
Event: 6,290 Thread 0x00007f9140008000 Uncommon trap -58 fr.pc 0x00007f913d332490
Event: 6,290 Thread 0x00007f9140008000 Uncommon trap -58 fr.pc 0x00007f913d332490

Internal exceptions (10 events):
Event: 1,297 Thread 0x00007f9140008000 Implicit null exception at 0x00007f913d0d1a27 to 0x00007f913d0d2121
Event: 1,298 Thread 0x00007f9140008000 Threw 0x00000000eb5bbe08 at /builddir/build/BUILD/java-1.7.0-openjdk/openjdk/hotspot/src/share/vm/prims/jvm.cpp:1166
Event: 1,353 Thread 0x00007f9140008000 Threw 0x00000000eb9b4e58 at /builddir/build/BUILD/java-1.7.0-openjdk/openjdk/hotspot/src/share/vm/prims/jvm.cpp:1166
Event: 1,772 Thread 0x00007f9140008000 Threw 0x00000000ebb00cb0 at /builddir/build/BUILD/java-1.7.0-openjdk/openjdk/hotspot/src/share/vm/prims/jvm.cpp:1166
Event: 2,488 Thread 0x00007f9140008000 Threw 0x00000000ed9a5858 at /builddir/build/BUILD/java-1.7.0-openjdk/openjdk/hotspot/src/share/vm/prims/jvm.cpp:1166
Event: 4,096 Thread 0x00007f9140008000 Threw 0x00000000eba10770 at /builddir/build/BUILD/java-1.7.0-openjdk/openjdk/hotspot/src/share/vm/prims/jvm.cpp:1166
Event: 4,096 Thread 0x00007f9140008000 Implicit null exception at 0x00007f913d0a47c4 to 0x00007f913d0a4f01
Event: 4,180 Thread 0x00007f9140008000 Threw 0x00000000ec9c49a8 at /builddir/build/BUILD/java-1.7.0-openjdk/openjdk/hotspot/src/share/vm/prims/jvm.cpp:1166
Event: 4,209 Thread 0x00007f9140008000 Implicit null exception at 0x00007f913d204621 to 0x00007f913d205061
Event: 6,261 Thread 0x00007f9140008000 Threw 0x00000000f6b7bcf0 at /builddir/build/BUILD/java-1.7.0-openjdk/openjdk/hotspot/src/share/vm/prims/jvm.cpp:1166

Events (10 events):
Event: 6,038 Thread 0x00007f9140008000 DEOPT UNPACKING pc=0x00007f913d039145 sp=0x00007f9145c60d98 mode 2
Event: 6,261 loading class 0x00007f91402751b0
Event: 6,261 loading class 0x00007f91402751b0 done
Event: 6,290 Thread 0x00007f9140008000 DEOPT PACKING pc=0x00007f913d332490 sp=0x00007f9145c60ed0
Event: 6,290 Thread 0x00007f9140008000 DEOPT UNPACKING pc=0x00007f913d039145 sp=0x00007f9145c60e88 mode 2
Event: 6,290 Thread 0x00007f9140008000 DEOPT PACKING pc=0x00007f913d332490 sp=0x00007f9145c60ed0
Event: 6,290 Thread 0x00007f9140008000 DEOPT UNPACKING pc=0x00007f913d039145 sp=0x00007f9145c60e88 mode 2
Event: 6,377 loading class 0x00007f91401918a0
Event: 6,378 loading class 0x00007f91401918a0 done
Event: 6,384 Executing VM operation: ParallelGCFailedAllocation


Dynamic libraries:
00400000-00401000 r-xp 00000000 08:01 526710                             /usr/lib/jvm/java-1.7.0-openjdk-1.7.0.5.x86_64/jre/bin/java
00600000-00601000 rw-p 00000000 08:01 526710                             /usr/lib/jvm/java-1.7.0-openjdk-1.7.0.5.x86_64/jre/bin/java
01c23000-01c44000 rw-p 00000000 00:00 0                                  [heap]
b5a00000-b6ec0000 rw-p 00000000 00:00 0 
b6ec0000-c0000000 rw-p 00000000 00:00 0 
c0000000-ca0f0000 rw-p 00000000 00:00 0 
ca0f0000-eaab0000 rw-p 00000000 00:00 0 
eaab0000-100000000 rw-p 00000000 00:00 0 
3f2c400000-3f2c420000 r-xp 00000000 08:01 139090                         /usr/lib64/ld-2.15.so
3f2c61f000-3f2c620000 r--p 0001f000 08:01 139090                         /usr/lib64/ld-2.15.so
3f2c620000-3f2c621000 rw-p 00020000 08:01 139090                         /usr/lib64/ld-2.15.so
3f2c621000-3f2c622000 rw-p 00000000 00:00 0 
3f2c800000-3f2c9ac000 r-xp 00000000 08:01 139134                         /usr/lib64/libc-2.15.so
3f2c9ac000-3f2cbac000 ---p 001ac000 08:01 139134                         /usr/lib64/libc-2.15.so
3f2cbac000-3f2cbb0000 r--p 001ac000 08:01 139134                         /usr/lib64/libc-2.15.so
3f2cbb0000-3f2cbb2000 rw-p 001b0000 08:01 139134                         /usr/lib64/libc-2.15.so
3f2cbb2000-3f2cbb7000 rw-p 00000000 00:00 0 
3f2cc00000-3f2ccfa000 r-xp 00000000 08:01 174620                         /usr/lib64/libm-2.15.so
3f2ccfa000-3f2cef9000 ---p 000fa000 08:01 174620                         /usr/lib64/libm-2.15.so
3f2cef9000-3f2cefa000 r--p 000f9000 08:01 174620                         /usr/lib64/libm-2.15.so
3f2cefa000-3f2cefb000 rw-p 000fa000 08:01 174620                         /usr/lib64/libm-2.15.so
3f2d000000-3f2d003000 r-xp 00000000 08:01 144416                         /usr/lib64/libdl-2.15.so
3f2d003000-3f2d202000 ---p 00003000 08:01 144416                         /usr/lib64/libdl-2.15.so
3f2d202000-3f2d203000 r--p 00002000 08:01 144416                         /usr/lib64/libdl-2.15.so
3f2d203000-3f2d204000 rw-p 00003000 08:01 144416                         /usr/lib64/libdl-2.15.so
3f2d400000-3f2d416000 r-xp 00000000 08:01 163964                         /usr/lib64/libpthread-2.15.so
3f2d416000-3f2d616000 ---p 00016000 08:01 163964                         /usr/lib64/libpthread-2.15.so
3f2d616000-3f2d617000 r--p 00016000 08:01 163964                         /usr/lib64/libpthread-2.15.so
3f2d617000-3f2d618000 rw-p 00017000 08:01 163964                         /usr/lib64/libpthread-2.15.so
3f2d618000-3f2d61c000 rw-p 00000000 00:00 0 
3f2d800000-3f2d807000 r-xp 00000000 08:01 180574                         /usr/lib64/librt-2.15.so
3f2d807000-3f2da06000 ---p 00007000 08:01 180574                         /usr/lib64/librt-2.15.so
3f2da06000-3f2da07000 r--p 00006000 08:01 180574                         /usr/lib64/librt-2.15.so
3f2da07000-3f2da08000 rw-p 00007000 08:01 180574                         /usr/lib64/librt-2.15.so
3f2dc00000-3f2dc17000 r-xp 00000000 08:01 139280                         /usr/lib64/libz.so.1.2.5
3f2dc17000-3f2de16000 ---p 00017000 08:01 139280                         /usr/lib64/libz.so.1.2.5
3f2de16000-3f2de17000 rw-p 00016000 08:01 139280                         /usr/lib64/libz.so.1.2.5
3f2e000000-3f2e015000 r-xp 00000000 08:01 164575                         /usr/lib64/libgcc_s-4.7.0-20120507.so.1
3f2e015000-3f2e214000 ---p 00015000 08:01 164575                         /usr/lib64/libgcc_s-4.7.0-20120507.so.1
3f2e214000-3f2e215000 rw-p 00014000 08:01 164575                         /usr/lib64/libgcc_s-4.7.0-20120507.so.1
3f30000000-3f300e5000 r-xp 00000000 08:01 174641                         /usr/lib64/libstdc++.so.6.0.17
3f300e5000-3f302e4000 ---p 000e5000 08:01 174641                         /usr/lib64/libstdc++.so.6.0.17
3f302e4000-3f302ec000 r--p 000e4000 08:01 174641                         /usr/lib64/libstdc++.so.6.0.17
3f302ec000-3f302ee000 rw-p 000ec000 08:01 174641                         /usr/lib64/libstdc++.so.6.0.17
3f302ee000-3f30303000 rw-p 00000000 00:00 0 
7f90f4000000-7f90f4021000 rw-p 00000000 00:00 0 
7f90f4021000-7f90f8000000 ---p 00000000 00:00 0 
7f90fc000000-7f90fe093000 rw-p 00000000 00:00 0 
7f90fe093000-7f9100000000 ---p 00000000 00:00 0 
7f9100000000-7f9100021000 rw-p 00000000 00:00 0 
7f9100021000-7f9104000000 ---p 00000000 00:00 0 
7f9104000000-7f9105c56000 rw-p 00000000 00:00 0 
7f9105c56000-7f9108000000 ---p 00000000 00:00 0 
7f9109bd5000-7f9110000000 r--p 00000000 08:01 181705                     /usr/lib/locale/locale-archive
7f9110000000-7f9110021000 rw-p 00000000 00:00 0 
7f9110021000-7f9114000000 ---p 00000000 00:00 0 
7f9114000000-7f9114021000 rw-p 00000000 00:00 0 
7f9114021000-7f9118000000 ---p 00000000 00:00 0 
7f9118000000-7f9118021000 rw-p 00000000 00:00 0 
7f9118021000-7f911c000000 ---p 00000000 00:00 0 
7f911c000000-7f911c021000 rw-p 00000000 00:00 0 
7f911c021000-7f9120000000 ---p 00000000 00:00 0 
7f9120000000-7f9120021000 rw-p 00000000 00:00 0 
7f9120021000-7f9124000000 ---p 00000000 00:00 0 
7f9128000000-7f9128021000 rw-p 00000000 00:00 0 
7f9128021000-7f912c000000 ---p 00000000 00:00 0 
7f9130000000-7f9130021000 rw-p 00000000 00:00 0 
7f9130021000-7f9134000000 ---p 00000000 00:00 0 
7f9134c9e000-7f9134cb4000 r-xp 00000000 08:01 549077                     /usr/lib/jvm/java-1.7.0-openjdk-1.7.0.5.x86_64/jre/lib/amd64/libnet.so
7f9134cb4000-7f9134eb4000 ---p 00016000 08:01 549077                     /usr/lib/jvm/java-1.7.0-openjdk-1.7.0.5.x86_64/jre/lib/amd64/libnet.so
7f9134eb4000-7f9134eb5000 rw-p 00016000 08:01 549077                     /usr/lib/jvm/java-1.7.0-openjdk-1.7.0.5.x86_64/jre/lib/amd64/libnet.so
7f9134eb5000-7f9134ec6000 r-xp 00000000 08:01 549079                     /usr/lib/jvm/java-1.7.0-openjdk-1.7.0.5.x86_64/jre/lib/amd64/libnio.so
7f9134ec6000-7f91350c5000 ---p 00011000 08:01 549079                     /usr/lib/jvm/java-1.7.0-openjdk-1.7.0.5.x86_64/jre/lib/amd64/libnio.so
7f91350c5000-7f91350c6000 rw-p 00010000 08:01 549079                     /usr/lib/jvm/java-1.7.0-openjdk-1.7.0.5.x86_64/jre/lib/amd64/libnio.so
7f91350c6000-7f91350c7000 ---p 00000000 00:00 0 
7f91350c7000-7f91351c7000 rw-p 00000000 00:00 0                          [stack:18264]
7f91351c7000-7f91351ca000 ---p 00000000 00:00 0 
7f91351ca000-7f91352c8000 rw-p 00000000 00:00 0                          [stack:18263]
7f91352c8000-7f91352cb000 ---p 00000000 00:00 0 
7f91352cb000-7f91353c9000 rw-p 00000000 00:00 0                          [stack:18262]
7f91353c9000-7f91353cc000 ---p 00000000 00:00 0 
7f91353cc000-7f91354ca000 rw-p 00000000 00:00 0                          [stack:18261]
7f91354ca000-7f91354cd000 ---p 00000000 00:00 0 
7f91354cd000-7f91355cb000 rw-p 00000000 00:00 0                          [stack:18260]
7f91355cb000-7f91355ce000 ---p 00000000 00:00 0 
7f91355ce000-7f91356cc000 rw-p 00000000 00:00 0                          [stack:18259]
7f91356cc000-7f91356cf000 ---p 00000000 00:00 0 
7f91356cf000-7f91357cd000 rw-p 00000000 00:00 0                          [stack:18258]
7f91357cd000-7f91357ce000 ---p 00000000 00:00 0 
7f91357ce000-7f9138000000 rw-p 00000000 00:00 0                          [stack:18257]
7f9138000000-7f9138021000 rw-p 00000000 00:00 0 
7f9138021000-7f913c000000 ---p 00000000 00:00 0 
7f913c0d6000-7f913ce50000 rw-p 00000000 00:00 0 
7f913ce50000-7f913d000000 r--s 03ebf000 08:01 549355                     /usr/lib/jvm/java-1.7.0-openjdk-1.7.0.5.x86_64/jre/lib/rt.jar
7f913d000000-7f913d370000 rwxp 00000000 00:00 0 
7f913d370000-7f91403ca000 rw-p 00000000 00:00 0 
7f91403ca000-7f9144000000 ---p 00000000 00:00 0 
7f91440d3000-7f9144a1f000 rw-p 00000000 00:00 0 
7f9144a1f000-7f9144a20000 ---p 00000000 00:00 0 
7f9144a20000-7f9144b20000 rw-p 00000000 00:00 0                          [stack:18256]
7f9144b20000-7f9144b21000 ---p 00000000 00:00 0 
7f9144b21000-7f9144c21000 rw-p 00000000 00:00 0                          [stack:18255]
7f9144c21000-7f9144c22000 ---p 00000000 00:00 0 
7f9144c22000-7f9144d22000 rw-p 00000000 00:00 0                          [stack:18254]
7f9144d22000-7f9144d23000 ---p 00000000 00:00 0 
7f9144d23000-7f9144e2e000 rw-p 00000000 00:00 0                          [stack:18253]
7f9144e2e000-7f9144e76000 rw-p 00000000 00:00 0 
7f9144e76000-7f9144ec7000 rw-p 00000000 00:00 0 
7f9144ec7000-7f9144fcc000 rw-p 00000000 00:00 0 
7f9144fcc000-7f9144fd7000 rw-p 00000000 00:00 0 
7f9144fd7000-7f914501f000 rw-p 00000000 00:00 0 
7f914501f000-7f9145070000 rw-p 00000000 00:00 0 
7f9145070000-7f9145174000 rw-p 00000000 00:00 0 
7f9145174000-7f914521f000 rw-p 00000000 00:00 0 
7f914521f000-7f914522e000 rw-p 00000000 00:00 0 
7f914522e000-7f91452e0000 rw-p 00000000 00:00 0 
7f91452e0000-7f91452e8000 r-xp 00000000 08:01 549285                     /usr/lib/jvm/java-1.7.0-openjdk-1.7.0.5.x86_64/jre/lib/amd64/libzip.so
7f91452e8000-7f91454e7000 ---p 00008000 08:01 549285                     /usr/lib/jvm/java-1.7.0-openjdk-1.7.0.5.x86_64/jre/lib/amd64/libzip.so
7f91454e7000-7f91454e8000 rw-p 00007000 08:01 549285                     /usr/lib/jvm/java-1.7.0-openjdk-1.7.0.5.x86_64/jre/lib/amd64/libzip.so
7f91454e8000-7f91454f4000 r-xp 00000000 08:01 184629                     /usr/lib64/libnss_files-2.15.so
7f91454f4000-7f91456f3000 ---p 0000c000 08:01 184629                     /usr/lib64/libnss_files-2.15.so
7f91456f3000-7f91456f4000 r--p 0000b000 08:01 184629                     /usr/lib64/libnss_files-2.15.so
7f91456f4000-7f91456f5000 rw-p 0000c000 08:01 184629                     /usr/lib64/libnss_files-2.15.so
7f91456f7000-7f9145726000 r--s 001cb000 08:02 2779515                    /home/guillaume-pm/Dépôts Git/FunkyDomino/libs/bcpg-1.4.7.jar
7f9145726000-7f9145750000 r-xp 00000000 08:01 549064                     /usr/lib/jvm/java-1.7.0-openjdk-1.7.0.5.x86_64/jre/lib/amd64/libjava.so
7f9145750000-7f9145950000 ---p 0002a000 08:01 549064                     /usr/lib/jvm/java-1.7.0-openjdk-1.7.0.5.x86_64/jre/lib/amd64/libjava.so
7f9145950000-7f9145952000 rw-p 0002a000 08:01 549064                     /usr/lib/jvm/java-1.7.0-openjdk-1.7.0.5.x86_64/jre/lib/amd64/libjava.so
7f9145952000-7f9145961000 r-xp 00000000 08:01 549088                     /usr/lib/jvm/java-1.7.0-openjdk-1.7.0.5.x86_64/jre/lib/amd64/libverify.so
7f9145961000-7f9145b60000 ---p 0000f000 08:01 549088                     /usr/lib/jvm/java-1.7.0-openjdk-1.7.0.5.x86_64/jre/lib/amd64/libverify.so
7f9145b60000-7f9145b62000 rw-p 0000e000 08:01 549088                     /usr/lib/jvm/java-1.7.0-openjdk-1.7.0.5.x86_64/jre/lib/amd64/libverify.so
7f9145b62000-7f9145b65000 ---p 00000000 00:00 0 
7f9145b65000-7f9145c63000 rw-p 00000000 00:00 0                          [stack:18252]
7f9145c63000-7f9146660000 r-xp 00000000 08:01 549297                     /usr/lib/jvm/java-1.7.0-openjdk-1.7.0.5.x86_64/jre/lib/amd64/server/libjvm.so
7f9146660000-7f9146860000 ---p 009fd000 08:01 549297                     /usr/lib/jvm/java-1.7.0-openjdk-1.7.0.5.x86_64/jre/lib/amd64/server/libjvm.so
7f9146860000-7f9146901000 rw-p 009fd000 08:01 549297                     /usr/lib/jvm/java-1.7.0-openjdk-1.7.0.5.x86_64/jre/lib/amd64/server/libjvm.so
7f9146901000-7f914692f000 rw-p 00000000 00:00 0 
7f914692f000-7f914693b000 r-xp 00000000 08:01 549050                     /usr/lib/jvm/java-1.7.0-openjdk-1.7.0.5.x86_64/jre/lib/amd64/jli/libjli.so
7f914693b000-7f9146b3b000 ---p 0000c000 08:01 549050                     /usr/lib/jvm/java-1.7.0-openjdk-1.7.0.5.x86_64/jre/lib/amd64/jli/libjli.so
7f9146b3b000-7f9146b3c000 rw-p 0000c000 08:01 549050                     /usr/lib/jvm/java-1.7.0-openjdk-1.7.0.5.x86_64/jre/lib/amd64/jli/libjli.so
7f9146b3c000-7f9146b3d000 rw-p 00000000 00:00 0 
7f9146b4a000-7f9146b4b000 rw-p 00000000 00:00 0 
7f9146b4b000-7f9146b58000 r--s 000af000 08:02 152118                     /home/guillaume-pm/android-sdk-linux_x86/platform-tools/lib/dx.jar
7f9146b58000-7f9146b5b000 r--s 0000f000 08:01 549314                     /usr/lib/jvm/java-1.7.0-openjdk-1.7.0.5.x86_64/jre/lib/ext/pulse-java.jar
7f9146b5b000-7f9146b64000 r--s 00066000 08:01 549311                     /usr/lib/jvm/java-1.7.0-openjdk-1.7.0.5.x86_64/jre/lib/ext/gnome-java-bridge.jar
7f9146b64000-7f9146b6c000 rw-s 00000000 08:01 393473                     /tmp/hsperfdata_guillaume/18243
7f9146b6c000-7f9146b6d000 rw-p 00000000 00:00 0 
7f9146b6d000-7f9146b6e000 ---p 00000000 00:00 0 
7f9146b6e000-7f9146b6f000 rw-p 00000000 00:00 0 
7fff910e4000-7fff91105000 rw-p 00000000 00:00 0                          [stack]
7fff911ff000-7fff91200000 r-xp 00000000 00:00 0                          [vdso]
ffffffffff600000-ffffffffff601000 r-xp 00000000 00:00 0                  [vsyscall]

VM Arguments:
jvm_args: -Xmx1024M 
java_command: /home/guillaume-pm/android-sdk-linux_x86/platform-tools/lib/dx.jar --dex --output /home/guillaume-pm/Dépôts Git/FunkyDomino/bin/classes.dex /home/guillaume-pm/Dépôts Git/FunkyDomino/bin/classes /home/guillaume-pm/Dépôts Git/AndEnginePhysicsBox2DExtension/bin/classes.jar /home/guillaume-pm/Dépôts Git/AndEngine/bin/classes.jar /home/guillaume-pm/android-sdk-linux_x86/tools/support/annotations.jar /home/guillaume-pm/Dépôts Git/FunkyDomino/libs/RSA.jar /home/guillaume-pm/Dépôts Git/FunkyDomino/libs/bcpg-1.4.7.jar
Launcher Type: SUN_STANDARD

Environment Variables:
PATH=/usr/lib64/qt-3.3/bin:/usr/local/bin:/usr/bin:/bin:/usr/local/sbin:/usr/sbin:/home/guillaume-pm/.local/bin:/home/guillaume-pm/bin
USERNAME=guillaume
SHELL=/bin/bash
DISPLAY=:0

Signal Handlers:
SIGSEGV: [libjvm.so+0x858f00], sa_mask[0]=0x7ffbfeff, sa_flags=0x10000004
SIGBUS: [libjvm.so+0x858f00], sa_mask[0]=0x7ffbfeff, sa_flags=0x10000004
SIGFPE: [libjvm.so+0x6faf40], sa_mask[0]=0x7ffbfeff, sa_flags=0x10000004
SIGPIPE: [libjvm.so+0x6faf40], sa_mask[0]=0x7ffbfeff, sa_flags=0x10000004
SIGXFSZ: [libjvm.so+0x6faf40], sa_mask[0]=0x7ffbfeff, sa_flags=0x10000004
SIGILL: [libjvm.so+0x6faf40], sa_mask[0]=0x7ffbfeff, sa_flags=0x10000004
SIGUSR1: SIG_DFL, sa_mask[0]=0x00000000, sa_flags=0x00000000
SIGUSR2: [libjvm.so+0x6fb170], sa_mask[0]=0x00000004, sa_flags=0x10000004
SIGHUP: [libjvm.so+0x6fb2b0], sa_mask[0]=0x7ffbfeff, sa_flags=0x10000004
SIGINT: SIG_IGN, sa_mask[0]=0x00000000, sa_flags=0x00000000
SIGTERM: [libjvm.so+0x6fb2b0], sa_mask[0]=0x7ffbfeff, sa_flags=0x10000004
SIGQUIT: [libjvm.so+0x6fb2b0], sa_mask[0]=0x7ffbfeff, sa_flags=0x10000004


---------------  S Y S T E M  ---------------

OS:Fedora release 17 (Beefy Miracle)

uname:Linux 3.4.6-2.fc17.x86_64 #1 SMP Thu Jul 19 22:54:16 UTC 2012 x86_64
libc:glibc 2.15 NPTL 2.15 
rlimit: STACK 8192k, CORE 0k, NPROC 1024, NOFILE 4096, AS infinity
load average:4,31 3,22 3,08

/proc/meminfo:
MemTotal:        8177680 kB
MemFree:         1248568 kB
Buffers:           98948 kB
Cached:          3464608 kB
SwapCached:            0 kB
Active:          4888264 kB
Inactive:        1667876 kB
Active(anon):    3219024 kB
Inactive(anon):    31856 kB
Active(file):    1669240 kB
Inactive(file):  1636020 kB
Unevictable:        3952 kB
Mlocked:            3952 kB
SwapTotal:             0 kB
SwapFree:              0 kB
Dirty:              2728 kB
Writeback:             0 kB
AnonPages:       2994680 kB
Mapped:           165496 kB
Shmem:            256020 kB
Slab:             177556 kB
SReclaimable:     114008 kB
SUnreclaim:        63548 kB
KernelStack:        4176 kB
PageTables:        53692 kB
NFS_Unstable:          0 kB
Bounce:                0 kB
WritebackTmp:          0 kB
CommitLimit:     4088840 kB
Committed_AS:    6446224 kB
VmallocTotal:   34359738367 kB
VmallocUsed:      160896 kB
VmallocChunk:   34359553532 kB
HardwareCorrupted:     0 kB
AnonHugePages:   1814528 kB
HugePages_Total:       0
HugePages_Free:        0
HugePages_Rsvd:        0
HugePages_Surp:        0
Hugepagesize:       2048 kB
DirectMap4k:      263040 kB
DirectMap2M:     8124416 kB


CPU:total 4 (4 cores per cpu, 1 threads per core) family 6 model 23 stepping 7, cmov, cx8, fxsr, mmx, sse, sse2, sse3, ssse3, sse4.1, tsc

/proc/cpuinfo:
processor	: 0
vendor_id	: GenuineIntel
cpu family	: 6
model		: 23
model name	: Intel(R) Core(TM)2 Extreme CPU X9650  @ 3.00GHz
stepping	: 7
microcode	: 0x70a
cpu MHz		: 3000.000
cache size	: 6144 KB
physical id	: 0
siblings	: 4
core id		: 0
cpu cores	: 4
apicid		: 0
initial apicid	: 0
fpu		: yes
fpu_exception	: yes
cpuid level	: 10
wp		: yes
flags		: fpu vme de pse tsc msr pae mce cx8 apic sep mtrr pge mca cmov pat pse36 clflush dts acpi mmx fxsr sse sse2 ss ht tm pbe syscall nx lm constant_tsc arch_perfmon pebs bts rep_good nopl aperfmperf pni dtes64 monitor ds_cpl vmx est tm2 ssse3 cx16 xtpr pdcm sse4_1 lahf_lm dtherm tpr_shadow vnmi flexpriority
bogomips	: 5999.24
clflush size	: 64
cache_alignment	: 64
address sizes	: 36 bits physical, 48 bits virtual
power management:

processor	: 1
vendor_id	: GenuineIntel
cpu family	: 6
model		: 23
model name	: Intel(R) Core(TM)2 Extreme CPU X9650  @ 3.00GHz
stepping	: 7
microcode	: 0x70a
cpu MHz		: 3000.000
cache size	: 6144 KB
physical id	: 0
siblings	: 4
core id		: 3
cpu cores	: 4
apicid		: 3
initial apicid	: 3
fpu		: yes
fpu_exception	: yes
cpuid level	: 10
wp		: yes
flags		: fpu vme de pse tsc msr pae mce cx8 apic sep mtrr pge mca cmov pat pse36 clflush dts acpi mmx fxsr sse sse2 ss ht tm pbe syscall nx lm constant_tsc arch_perfmon pebs bts rep_good nopl aperfmperf pni dtes64 monitor ds_cpl vmx est tm2 ssse3 cx16 xtpr pdcm sse4_1 lahf_lm dtherm tpr_shadow vnmi flexpriority
bogomips	: 5999.24
clflush size	: 64
cache_alignment	: 64
address sizes	: 36 bits physical, 48 bits virtual
power management:

processor	: 2
vendor_id	: GenuineIntel
cpu family	: 6
model		: 23
model name	: Intel(R) Core(TM)2 Extreme CPU X9650  @ 3.00GHz
stepping	: 7
microcode	: 0x70a
cpu MHz		: 2000.000
cache size	: 6144 KB
physical id	: 0
siblings	: 4
core id		: 2
cpu cores	: 4
apicid		: 2
initial apicid	: 2
fpu		: yes
fpu_exception	: yes
cpuid level	: 10
wp		: yes
flags		: fpu vme de pse tsc msr pae mce cx8 apic sep mtrr pge mca cmov pat pse36 clflush dts acpi mmx fxsr sse sse2 ss ht tm pbe syscall nx lm constant_tsc arch_perfmon pebs bts rep_good nopl aperfmperf pni dtes64 monitor ds_cpl vmx est tm2 ssse3 cx16 xtpr pdcm sse4_1 lahf_lm dtherm tpr_shadow vnmi flexpriority
bogomips	: 5999.24
clflush size	: 64
cache_alignment	: 64
address sizes	: 36 bits physical, 48 bits virtual
power management:

processor	: 3
vendor_id	: GenuineIntel
cpu family	: 6
model		: 23
model name	: Intel(R) Core(TM)2 Extreme CPU X9650  @ 3.00GHz
stepping	: 7
microcode	: 0x70a
cpu MHz		: 2000.000
cache size	: 6144 KB
physical id	: 0
siblings	: 4
core id		: 1
cpu cores	: 4
apicid		: 1
initial apicid	: 1
fpu		: yes
fpu_exception	: yes
cpuid level	: 10
wp		: yes
flags		: fpu vme de pse tsc msr pae mce cx8 apic sep mtrr pge mca cmov pat pse36 clflush dts acpi mmx fxsr sse sse2 ss ht tm pbe syscall nx lm constant_tsc arch_perfmon pebs bts rep_good nopl aperfmperf pni dtes64 monitor ds_cpl vmx est tm2 ssse3 cx16 xtpr pdcm sse4_1 lahf_lm dtherm tpr_shadow vnmi flexpriority
bogomips	: 5999.24
clflush size	: 64
cache_alignment	: 64
address sizes	: 36 bits physical, 48 bits virtual
power management:



Memory: 4k page, physical 8177680k(1248572k free), swap 0k(0k free)

vm_info: OpenJDK 64-Bit Server VM (23.0-b21) for linux-amd64 JRE (1.7.0_05-icedtea-mockbuild_2012_07_09_19_42-b00), built on Jul  9 2012 19:50:31 by "mockbuild" with gcc 4.7.0 20120507 (Red Hat 4.7.0-5)

time: Thu Aug  2 20:56:25 2012
elapsed time: 6 seconds

